<?xml version="1.0" encoding="UTF-8"?>
<!-- Generated by org.testng.reporters.JUnitXMLReporter -->
<testsuite ignored="2" hostname="DESKTOP-807AG9O" failures="0" tests="7" name="FunctionalTest" time="0.047" errors="0" timestamp="2021-09-15T08:46:25 IST">
  <testcase classname="tesngScripts.PatternDemo" name="pattern1" time="0.006"/>
  <testcase classname="tesngScripts.PatternDemo" name="pattern2" time="0.001"/>
  <testcase classname="tesngScripts.EvenSumOddSum" name="evenOdd" time="0.0"/>
  <testcase classname="tesngScripts.EvenSumOddSum" name="positiveOrNegative" time="0.001"/>
  <testcase classname="tesngScripts.PrimeDemo" name="primeDemo" time="0.0"/>
  <testcase classname="tesngScripts.FactorialDemo" name="cube" time="0.001"/>
  <testcase classname="tesngScripts.FactorialDemo" name="factorial" time="0.001"/>
  <testcase classname="tesngScripts.FibonacciDemo" name="test1" time="0.0">
    <ignored/>
  </testcase> <!-- test1 -->
  <testcase classname="tesngScripts.FibonacciDemo" name="fibonacci" time="0.0">
    <ignored/>
  </testcase> <!-- fibonacci -->
</testsuite> <!-- FunctionalTest -->
