<?xml version="1.0" encoding="UTF-8"?>
<!-- Generated by org.testng.reporters.JUnitXMLReporter -->
<testsuite ignored="0" hostname="DESKTOP-807AG9O" failures="0" tests="2" name="Test" time="105.265" errors="0" timestamp="2021-09-25T07:50:33 IST">
  <testcase classname="testcases.TC_01_AddEmployee" name="@AfterClass tearDown" time="0.194">
    <failure type="java.lang.AssertionError" message="The following asserts failed:
	Employee details do not exist expected [wNJkq JNR dUT] but found [Odis Adalwin]">
      <![CDATA[java.lang.AssertionError: The following asserts failed:
Employee details do not exist expected [wNJkq JNR dUT] but found [Odis Adalwin]
at testcases.TC_01_AddEmployee.tearDown(TC_01_AddEmployee.java:305)
at java.base/java.util.ArrayList.forEach(ArrayList.java:1511)
... Removed 27 stack frames]]>
    </failure>
  </testcase> <!-- @AfterClass tearDown -->
  <testcase classname="testcases.TC_01_AddEmployee" name="add_Employee" time="61.284"/>
  <testcase classname="testcases.TC_02_ChangePassword" name="change_password" time="38.086"/>
</testsuite> <!-- Test -->
