<?xml version="1.0" encoding="UTF-8"?>
<testng-results ignored="0" total="2" passed="2" failed="0" skipped="0">
  <reporter-output>
    <line>
      <![CDATA[Before Test Annotation in Factorial Demo]]>
    </line>
    <line>
      <![CDATA[Cube of the Given number is :729]]>
    </line>
    <line>
      <![CDATA[After Test Annotation in Factorial Demo]]>
    </line>
  </reporter-output>
  <suite started-at="2021-09-15T08:49:15 IST" name="Default suite" finished-at="2021-09-15T08:49:15 IST" duration-ms="31">
    <groups>
      <group name="SanityTest">
        <method signature="FactorialDemo.cube()[pri:0, instance:tesngScripts.FactorialDemo@20ccf40b]" name="cube" class="tesngScripts.FactorialDemo"/>
      </group> <!-- SanityTest -->
      <group name="RegressionTest">
        <method signature="FactorialDemo.cube()[pri:0, instance:tesngScripts.FactorialDemo@20ccf40b]" name="cube" class="tesngScripts.FactorialDemo"/>
        <method signature="FactorialDemo.factorial()[pri:0, instance:tesngScripts.FactorialDemo@20ccf40b]" name="factorial" class="tesngScripts.FactorialDemo"/>
      </group> <!-- RegressionTest -->
    </groups>
    <test started-at="2021-09-15T08:49:15 IST" name="Default test" finished-at="2021-09-15T08:49:15 IST" duration-ms="31">
      <class name="tesngScripts.FactorialDemo">
        <test-method is-config="true" signature="beforeTest()[pri:0, instance:tesngScripts.FactorialDemo@20ccf40b]" started-at="2021-09-15T08:49:15 IST" name="beforeTest" finished-at="2021-09-15T08:49:15 IST" duration-ms="6" status="PASS">
          <reporter-output>
            <line>
              <![CDATA[Before Test Annotation in Factorial Demo]]>
            </line>
          </reporter-output>
        </test-method> <!-- beforeTest -->
        <test-method signature="cube()[pri:0, instance:tesngScripts.FactorialDemo@20ccf40b]" started-at="2021-09-15T08:49:15 IST" name="cube" finished-at="2021-09-15T08:49:15 IST" duration-ms="4" status="PASS">
          <reporter-output>
            <line>
              <![CDATA[Cube of the Given number is :729]]>
            </line>
          </reporter-output>
        </test-method> <!-- cube -->
        <test-method signature="factorial()[pri:0, instance:tesngScripts.FactorialDemo@20ccf40b]" started-at="2021-09-15T08:49:15 IST" name="factorial" finished-at="2021-09-15T08:49:15 IST" duration-ms="0" status="PASS">
          <reporter-output>
          </reporter-output>
        </test-method> <!-- factorial -->
        <test-method is-config="true" signature="afterTest()[pri:0, instance:tesngScripts.FactorialDemo@20ccf40b]" started-at="2021-09-15T08:49:15 IST" name="afterTest" finished-at="2021-09-15T08:49:15 IST" duration-ms="0" status="PASS">
          <reporter-output>
            <line>
              <![CDATA[After Test Annotation in Factorial Demo]]>
            </line>
          </reporter-output>
        </test-method> <!-- afterTest -->
      </class> <!-- tesngScripts.FactorialDemo -->
    </test> <!-- Default test -->
  </suite> <!-- Default suite -->
</testng-results>
