<?xml version="1.0" encoding="UTF-8"?>
<testng-results ignored="0" total="1" passed="1" failed="0" skipped="0">
  <reporter-output>
    <line>
      <![CDATA[Path of the Project is :C:\Users\rehan\git\SeleniumLearning]]>
    </line>
    <line>
      <![CDATA[Browser Name from the TestNG.xml is :Chrome]]>
    </line>
    <line>
      <![CDATA[Website is successfully loaded]]>
    </line>
    <line>
      <![CDATA[Browser window maximized]]>
    </line>
    <line>
      <![CDATA[Login button is clicked]]>
    </line>
    <line>
      <![CDATA[Email Id is entered]]>
    </line>
    <line>
      <![CDATA[Password is entered]]>
    </line>
    <line>
      <![CDATA[Login button is clicked]]>
    </line>
    <line>
      <![CDATA[Email name is clicked]]>
    </line>
    <line>
      <![CDATA[Orders selcted from the options]]>
    </line>
    <line>
      <![CDATA[Order Number: 1024426]]>
    </line>
    <line>
      <![CDATA[Order Number: 1024425]]>
    </line>
    <line>
      <![CDATA[Order Number: 1024423]]>
    </line>
    <line>
      <![CDATA[Order Number: 1024421]]>
    </line>
    <line>
      <![CDATA[Order Number: 1024420]]>
    </line>
    <line>
      <![CDATA[Order Number: 1024419]]>
    </line>
    <line>
      <![CDATA[Order Number: 1024418]]>
    </line>
    <line>
      <![CDATA[Order Number: 1024416]]>
    </line>
    <line>
      <![CDATA[Order Number: 1024415]]>
    </line>
    <line>
      <![CDATA[Order Number: 1023488]]>
    </line>
    <line>
      <![CDATA[Order Number: 1023487]]>
    </line>
    <line>
      <![CDATA[Order Number: 1023483]]>
    </line>
    <line>
      <![CDATA[Order Number: 1023482]]>
    </line>
    <line>
      <![CDATA[Order Number: 1023474]]>
    </line>
    <line>
      <![CDATA[Order Number: 1023473]]>
    </line>
    <line>
      <![CDATA[Order Number: 1023464]]>
    </line>
    <line>
      <![CDATA[Order Number: 1023463]]>
    </line>
    <line>
      <![CDATA[Order Number: 1023457]]>
    </line>
    <line>
      <![CDATA[Order Number: 1023455]]>
    </line>
    <line>
      <![CDATA[Order Number: 1022998]]>
    </line>
    <line>
      <![CDATA[Order Number: 1022555]]>
    </line>
    <line>
      <![CDATA[Order Number: 1022519]]>
    </line>
    <line>
      <![CDATA[Order Number: 1020329]]>
    </line>
    <line>
      <![CDATA[Order Number: 1020125]]>
    </line>
    <line>
      <![CDATA[Order Number: 1020124]]>
    </line>
    <line>
      <![CDATA[Order Number: 1020123]]>
    </line>
    <line>
      <![CDATA[Order Number: 1020122]]>
    </line>
    <line>
      <![CDATA[Order Number: 1020120]]>
    </line>
    <line>
      <![CDATA[Order Number: 1020119]]>
    </line>
    <line>
      <![CDATA[Order Number: 1019271]]>
    </line>
    <line>
      <![CDATA[Order Number: 1019270]]>
    </line>
    <line>
      <![CDATA[Order Number: 1018414]]>
    </line>
    <line>
      <![CDATA[Order Number: 1018413]]>
    </line>
    <line>
      <![CDATA[Order Number: 1017523]]>
    </line>
    <line>
      <![CDATA[Order Number: 1015634]]>
    </line>
    <line>
      <![CDATA[Order Number: 1015633]]>
    </line>
    <line>
      <![CDATA[Order Number: 1015245]]>
    </line>
    <line>
      <![CDATA[Order Number: 1015241]]>
    </line>
    <line>
      <![CDATA[Order Number: 1015229]]>
    </line>
    <line>
      <![CDATA[Order Number: 1015227]]>
    </line>
    <line>
      <![CDATA[Order Number: 1015218]]>
    </line>
    <line>
      <![CDATA[Order Number: 1015215]]>
    </line>
    <line>
      <![CDATA[Order Number: 1015210]]>
    </line>
    <line>
      <![CDATA[Order Number: 997868]]>
    </line>
    <line>
      <![CDATA[Order Number: 997042]]>
    </line>
    <line>
      <![CDATA[Order Number: 997040]]>
    </line>
    <line>
      <![CDATA[Order details button is clicked]]>
    </line>
    <line>
      <![CDATA[Re-Order button is clicked]]>
    </line>
    <line>
      <![CDATA[Terms of service check-box is clicked]]>
    </line>
    <line>
      <![CDATA[Checkout button is clicked]]>
    </line>
    <line>
      <![CDATA[Continue button is clicked after saving billing information]]>
    </line>
    <line>
      <![CDATA[Continue button is clicked]]>
    </line>
    <line>
      <![CDATA[Shipping method radio button is clicked]]>
    </line>
    <line>
      <![CDATA[Continue button clicked after selecting shipping method]]>
    </line>
    <line>
      <![CDATA[Continue buton is clicked after selecting payment method]]>
    </line>
    <line>
      <![CDATA[Contine button is clicked to save payment information]]>
    </line>
    <line>
      <![CDATA[Confirm button is clicked to confirm order]]>
    </line>
    <line>
      <![CDATA[Order number: 1025095]]>
    </line>
    <line>
      <![CDATA[Successfully logged out of the browser]]>
    </line>
    <line>
      <![CDATA[Browser is successfully closed]]>
    </line>
  </reporter-output>
  <suite started-at="2021-10-01T21:54:56Z" name="Default suite" finished-at="2021-10-01T21:55:14Z" duration-ms="17927">
    <groups>
    </groups>
    <test started-at="2021-10-01T21:54:56Z" name="Default test" finished-at="2021-10-01T21:55:14Z" duration-ms="17927">
      <class name="testcases.TC_08_ReOrder">
        <test-method is-config="true" signature="setup()[pri:0, instance:testcases.TC_08_ReOrder@2796aeae]" started-at="2021-10-01T21:54:56Z" name="setup" finished-at="2021-10-01T21:54:57Z" duration-ms="921" status="PASS">
          <reporter-output>
            <line>
              <![CDATA[Path of the Project is :C:\Users\rehan\git\SeleniumLearning]]>
            </line>
          </reporter-output>
        </test-method> <!-- setup -->
        <test-method is-config="true" signature="openBrowser(java.lang.String)[pri:0, instance:testcases.TC_08_ReOrder@2796aeae]" started-at="2021-10-01T21:54:57Z" name="openBrowser" finished-at="2021-10-01T21:55:01Z" duration-ms="3995" status="PASS">
          <params>
            <param index="0">
              <value>
                <![CDATA[Chrome]]>
              </value>
            </param>
          </params>
          <reporter-output>
            <line>
              <![CDATA[Browser Name from the TestNG.xml is :Chrome]]>
            </line>
            <line>
              <![CDATA[Website is successfully loaded]]>
            </line>
            <line>
              <![CDATA[Browser window maximized]]>
            </line>
          </reporter-output>
        </test-method> <!-- openBrowser -->
        <test-method signature="re_Order()[pri:0, instance:testcases.TC_08_ReOrder@2796aeae]" started-at="2021-10-01T21:55:01Z" name="re_Order" finished-at="2021-10-01T21:55:13Z" duration-ms="12758" status="PASS">
          <reporter-output>
            <line>
              <![CDATA[Login button is clicked]]>
            </line>
            <line>
              <![CDATA[Email Id is entered]]>
            </line>
            <line>
              <![CDATA[Password is entered]]>
            </line>
            <line>
              <![CDATA[Login button is clicked]]>
            </line>
            <line>
              <![CDATA[Email name is clicked]]>
            </line>
            <line>
              <![CDATA[Orders selcted from the options]]>
            </line>
            <line>
              <![CDATA[Order Number: 1024426]]>
            </line>
            <line>
              <![CDATA[Order Number: 1024425]]>
            </line>
            <line>
              <![CDATA[Order Number: 1024423]]>
            </line>
            <line>
              <![CDATA[Order Number: 1024421]]>
            </line>
            <line>
              <![CDATA[Order Number: 1024420]]>
            </line>
            <line>
              <![CDATA[Order Number: 1024419]]>
            </line>
            <line>
              <![CDATA[Order Number: 1024418]]>
            </line>
            <line>
              <![CDATA[Order Number: 1024416]]>
            </line>
            <line>
              <![CDATA[Order Number: 1024415]]>
            </line>
            <line>
              <![CDATA[Order Number: 1023488]]>
            </line>
            <line>
              <![CDATA[Order Number: 1023487]]>
            </line>
            <line>
              <![CDATA[Order Number: 1023483]]>
            </line>
            <line>
              <![CDATA[Order Number: 1023482]]>
            </line>
            <line>
              <![CDATA[Order Number: 1023474]]>
            </line>
            <line>
              <![CDATA[Order Number: 1023473]]>
            </line>
            <line>
              <![CDATA[Order Number: 1023464]]>
            </line>
            <line>
              <![CDATA[Order Number: 1023463]]>
            </line>
            <line>
              <![CDATA[Order Number: 1023457]]>
            </line>
            <line>
              <![CDATA[Order Number: 1023455]]>
            </line>
            <line>
              <![CDATA[Order Number: 1022998]]>
            </line>
            <line>
              <![CDATA[Order Number: 1022555]]>
            </line>
            <line>
              <![CDATA[Order Number: 1022519]]>
            </line>
            <line>
              <![CDATA[Order Number: 1020329]]>
            </line>
            <line>
              <![CDATA[Order Number: 1020125]]>
            </line>
            <line>
              <![CDATA[Order Number: 1020124]]>
            </line>
            <line>
              <![CDATA[Order Number: 1020123]]>
            </line>
            <line>
              <![CDATA[Order Number: 1020122]]>
            </line>
            <line>
              <![CDATA[Order Number: 1020120]]>
            </line>
            <line>
              <![CDATA[Order Number: 1020119]]>
            </line>
            <line>
              <![CDATA[Order Number: 1019271]]>
            </line>
            <line>
              <![CDATA[Order Number: 1019270]]>
            </line>
            <line>
              <![CDATA[Order Number: 1018414]]>
            </line>
            <line>
              <![CDATA[Order Number: 1018413]]>
            </line>
            <line>
              <![CDATA[Order Number: 1017523]]>
            </line>
            <line>
              <![CDATA[Order Number: 1015634]]>
            </line>
            <line>
              <![CDATA[Order Number: 1015633]]>
            </line>
            <line>
              <![CDATA[Order Number: 1015245]]>
            </line>
            <line>
              <![CDATA[Order Number: 1015241]]>
            </line>
            <line>
              <![CDATA[Order Number: 1015229]]>
            </line>
            <line>
              <![CDATA[Order Number: 1015227]]>
            </line>
            <line>
              <![CDATA[Order Number: 1015218]]>
            </line>
            <line>
              <![CDATA[Order Number: 1015215]]>
            </line>
            <line>
              <![CDATA[Order Number: 1015210]]>
            </line>
            <line>
              <![CDATA[Order Number: 997868]]>
            </line>
            <line>
              <![CDATA[Order Number: 997042]]>
            </line>
            <line>
              <![CDATA[Order Number: 997040]]>
            </line>
            <line>
              <![CDATA[Order details button is clicked]]>
            </line>
            <line>
              <![CDATA[Re-Order button is clicked]]>
            </line>
            <line>
              <![CDATA[Terms of service check-box is clicked]]>
            </line>
            <line>
              <![CDATA[Checkout button is clicked]]>
            </line>
            <line>
              <![CDATA[Continue button is clicked after saving billing information]]>
            </line>
            <line>
              <![CDATA[Continue button is clicked]]>
            </line>
            <line>
              <![CDATA[Shipping method radio button is clicked]]>
            </line>
            <line>
              <![CDATA[Continue button clicked after selecting shipping method]]>
            </line>
            <line>
              <![CDATA[Continue buton is clicked after selecting payment method]]>
            </line>
            <line>
              <![CDATA[Contine button is clicked to save payment information]]>
            </line>
            <line>
              <![CDATA[Confirm button is clicked to confirm order]]>
            </line>
            <line>
              <![CDATA[Order number: 1025095]]>
            </line>
            <line>
              <![CDATA[Successfully logged out of the browser]]>
            </line>
          </reporter-output>
        </test-method> <!-- re_Order -->
        <test-method is-config="true" signature="close_browser()[pri:0, instance:testcases.TC_08_ReOrder@2796aeae]" started-at="2021-10-01T21:55:13Z" name="close_browser" finished-at="2021-10-01T21:55:14Z" duration-ms="224" status="PASS">
          <reporter-output>
            <line>
              <![CDATA[Browser is successfully closed]]>
            </line>
          </reporter-output>
        </test-method> <!-- close_browser -->
      </class> <!-- testcases.TC_08_ReOrder -->
    </test> <!-- Default test -->
  </suite> <!-- Default suite -->
</testng-results>
