<?xml version="1.0" encoding="UTF-8"?>
<testng-results ignored="0" total="1" passed="1" failed="0" skipped="0">
  <reporter-output>
    <line>
      <![CDATA[Browser Name from the TestNG.xml is :Chrome]]>
    </line>
    <line>
      <![CDATA[Website is loaded]]>
    </line>
    <line>
      <![CDATA[Browser window maximized]]>
    </line>
    <line>
      <![CDATA[Login button is clicked]]>
    </line>
    <line>
      <![CDATA[Selected Books from top menu]]>
    </line>
    <line>
      <![CDATA[first option selected from the dropdown]]>
    </line>
    <line>
      <![CDATA[Category Z to A slected from the dropdown]]>
    </line>
    <line>
      <![CDATA[Added item to the cart]]>
    </line>
    <line>
      <![CDATA[Selected shopping cart]]>
    </line>
    <line>
      <![CDATA[India is selected from the country drop down]]>
    </line>
    <line>
      <![CDATA[Other (Non US) selected from the state dropdown]]>
    </line>
    <line>
      <![CDATA[Entered pincode as 500060]]>
    </line>
    <line>
      <![CDATA[Termsofservice Check-box is selected]]>
    </line>
    <line>
      <![CDATA[Checkout button is clicked]]>
    </line>
    <line>
      <![CDATA[Continue button is selected for billing]]>
    </line>
    <line>
      <![CDATA[Continue button is selected for shipping]]>
    </line>
    <line>
      <![CDATA[Continue button is selected for shipping method]]>
    </line>
    <line>
      <![CDATA[Continue button is selected for payment method]]>
    </line>
    <line>
      <![CDATA[Continue button is selected for payment info]]>
    </line>
    <line>
      <![CDATA[Confirm button is clicked]]>
    </line>
    <line>
      <![CDATA[Order number: 1024427]]>
    </line>
    <line>
      <![CDATA[Successfully logged out of the browser]]>
    </line>
  </reporter-output>
  <suite started-at="2021-10-01T03:17:45Z" name="Default suite" finished-at="2021-10-01T03:18:03Z" duration-ms="18014">
    <groups>
    </groups>
    <test started-at="2021-10-01T03:17:45Z" name="Default test" finished-at="2021-10-01T03:18:03Z" duration-ms="18014">
      <class name="testcases.TC_07_DemoWebShop_PlaceOrder">
        <test-method is-config="true" signature="setup()[pri:0, instance:testcases.TC_07_DemoWebShop_PlaceOrder@62010f5c]" started-at="2021-10-01T03:17:45Z" name="setup" finished-at="2021-10-01T03:17:46Z" duration-ms="1032" status="PASS">
          <reporter-output>
          </reporter-output>
        </test-method> <!-- setup -->
        <test-method is-config="true" signature="openBrowser(java.lang.String)[pri:0, instance:testcases.TC_07_DemoWebShop_PlaceOrder@62010f5c]" started-at="2021-10-01T03:17:46Z" name="openBrowser" finished-at="2021-10-01T03:17:51Z" duration-ms="4482" status="PASS">
          <params>
            <param index="0">
              <value>
                <![CDATA[Chrome]]>
              </value>
            </param>
          </params>
          <reporter-output>
            <line>
              <![CDATA[Browser Name from the TestNG.xml is :Chrome]]>
            </line>
            <line>
              <![CDATA[Website is loaded]]>
            </line>
            <line>
              <![CDATA[Browser window maximized]]>
            </line>
          </reporter-output>
        </test-method> <!-- openBrowser -->
        <test-method signature="placeOrder_DemoWebshop()[pri:0, instance:testcases.TC_07_DemoWebShop_PlaceOrder@62010f5c]" started-at="2021-10-01T03:17:51Z" name="placeOrder_DemoWebshop" finished-at="2021-10-01T03:18:03Z" duration-ms="12335" status="PASS">
          <reporter-output>
            <line>
              <![CDATA[Login button is clicked]]>
            </line>
            <line>
              <![CDATA[Selected Books from top menu]]>
            </line>
            <line>
              <![CDATA[first option selected from the dropdown]]>
            </line>
            <line>
              <![CDATA[Category Z to A slected from the dropdown]]>
            </line>
            <line>
              <![CDATA[Added item to the cart]]>
            </line>
            <line>
              <![CDATA[Selected shopping cart]]>
            </line>
            <line>
              <![CDATA[India is selected from the country drop down]]>
            </line>
            <line>
              <![CDATA[Other (Non US) selected from the state dropdown]]>
            </line>
            <line>
              <![CDATA[Entered pincode as 500060]]>
            </line>
            <line>
              <![CDATA[Termsofservice Check-box is selected]]>
            </line>
            <line>
              <![CDATA[Checkout button is clicked]]>
            </line>
            <line>
              <![CDATA[Continue button is selected for billing]]>
            </line>
            <line>
              <![CDATA[Continue button is selected for shipping]]>
            </line>
            <line>
              <![CDATA[Continue button is selected for shipping method]]>
            </line>
            <line>
              <![CDATA[Continue button is selected for payment method]]>
            </line>
            <line>
              <![CDATA[Continue button is selected for payment info]]>
            </line>
            <line>
              <![CDATA[Confirm button is clicked]]>
            </line>
            <line>
              <![CDATA[Order number: 1024427]]>
            </line>
            <line>
              <![CDATA[Successfully logged out of the browser]]>
            </line>
          </reporter-output>
        </test-method> <!-- placeOrder_DemoWebshop -->
        <test-method is-config="true" signature="afterClass()[pri:0, instance:testcases.TC_07_DemoWebShop_PlaceOrder@62010f5c]" started-at="2021-10-01T03:18:03Z" name="afterClass" finished-at="2021-10-01T03:18:03Z" duration-ms="138" status="PASS">
          <reporter-output>
          </reporter-output>
        </test-method> <!-- afterClass -->
      </class> <!-- testcases.TC_07_DemoWebShop_PlaceOrder -->
    </test> <!-- Default test -->
  </suite> <!-- Default suite -->
</testng-results>
