<?xml version="1.0" encoding="UTF-8"?>
<testng-results ignored="0" total="1" passed="1" failed="0" skipped="0">
  <reporter-output>
    <line>
      <![CDATA[Path of the Project is :C:\Users\rehan\git\SeleniumLearning]]>
    </line>
    <line>
      <![CDATA[Browser Name from the TestNG.xml is :Chrome]]>
    </line>
    <line>
      <![CDATA[Login button is clicked]]>
    </line>
    <line>
      <![CDATA[Email Id is entered]]>
    </line>
    <line>
      <![CDATA[Entered password]]>
    </line>
    <line>
      <![CDATA[clicked on Login button]]>
    </line>
    <line>
      <![CDATA[Clicked on email name]]>
    </line>
    <line>
      <![CDATA[Orders selcted from the options]]>
    </line>
  </reporter-output>
  <suite started-at="2021-09-21T19:04:25 EDT" name="Default suite" finished-at="2021-09-21T19:04:34 EDT" duration-ms="8284">
    <groups>
    </groups>
    <test started-at="2021-09-21T19:04:25 EDT" name="Default test" finished-at="2021-09-21T19:04:34 EDT" duration-ms="8284">
      <class name="testcases.Tc_09_AllOrdersTotal">
        <test-method is-config="true" signature="setup()[pri:0, instance:testcases.Tc_09_AllOrdersTotal@1da2cb77]" started-at="2021-09-21T19:04:25 EDT" name="setup" finished-at="2021-09-21T19:04:26 EDT" duration-ms="777" status="PASS">
          <reporter-output>
            <line>
              <![CDATA[Path of the Project is :C:\Users\rehan\git\SeleniumLearning]]>
            </line>
          </reporter-output>
        </test-method> <!-- setup -->
        <test-method is-config="true" signature="openBrowser(java.lang.String)[pri:0, instance:testcases.Tc_09_AllOrdersTotal@1da2cb77]" started-at="2021-09-21T19:04:26 EDT" name="openBrowser" finished-at="2021-09-21T19:04:30 EDT" duration-ms="4108" status="PASS">
          <params>
            <param index="0">
              <value>
                <![CDATA[Chrome]]>
              </value>
            </param>
          </params>
          <reporter-output>
            <line>
              <![CDATA[Browser Name from the TestNG.xml is :Chrome]]>
            </line>
          </reporter-output>
        </test-method> <!-- openBrowser -->
        <test-method signature="allorders_total()[pri:0, instance:testcases.Tc_09_AllOrdersTotal@1da2cb77]" started-at="2021-09-21T19:04:30 EDT" name="allorders_total" finished-at="2021-09-21T19:04:34 EDT" duration-ms="3359" status="PASS">
          <reporter-output>
            <line>
              <![CDATA[Login button is clicked]]>
            </line>
            <line>
              <![CDATA[Email Id is entered]]>
            </line>
            <line>
              <![CDATA[Entered password]]>
            </line>
            <line>
              <![CDATA[clicked on Login button]]>
            </line>
            <line>
              <![CDATA[Clicked on email name]]>
            </line>
            <line>
              <![CDATA[Orders selcted from the options]]>
            </line>
          </reporter-output>
        </test-method> <!-- allorders_total -->
      </class> <!-- testcases.Tc_09_AllOrdersTotal -->
    </test> <!-- Default test -->
  </suite> <!-- Default suite -->
</testng-results>
