<?xml version="1.0" encoding="UTF-8"?>
<testng-results ignored="0" total="1" passed="1" failed="0" skipped="0">
  <reporter-output>
  </reporter-output>
  <suite started-at="2021-09-01T22:04:28 IST" name="Default suite" finished-at="2021-09-01T22:04:32 IST" duration-ms="4299">
    <groups>
    </groups>
    <test started-at="2021-09-01T22:04:28 IST" name="Default test" finished-at="2021-09-01T22:04:32 IST" duration-ms="4299">
      <class name="tesngScripts.TestNGDemo1">
        <test-method signature="login_OrangeHRM()[pri:0, instance:tesngScripts.TestNGDemo1@212b5695]" started-at="2021-09-01T22:04:28 IST" name="login_OrangeHRM" finished-at="2021-09-01T22:04:32 IST" duration-ms="4268" status="PASS">
          <reporter-output>
          </reporter-output>
        </test-method> <!-- login_OrangeHRM -->
      </class> <!-- tesngScripts.TestNGDemo1 -->
    </test> <!-- Default test -->
  </suite> <!-- Default suite -->
</testng-results>
