<?xml version="1.0" encoding="UTF-8"?>
<testng-results ignored="0" total="1" passed="0" failed="1" skipped="0">
  <reporter-output>
    <line>
      <![CDATA[Path of the Project is :C:\Users\rehan\git\SeleniumLearning]]>
    </line>
    <line>
      <![CDATA[Browser Name from the TestNG.xml is :Chrome]]>
    </line>
    <line>
      <![CDATA[Airbnb website is loaded]]>
    </line>
    <line>
      <![CDATA[Browser window is maximized]]>
    </line>
    <line>
      <![CDATA[Accept cookies button is clicked]]>
    </line>
    <line>
      <![CDATA[Location is clicked ]]>
    </line>
    <line>
      <![CDATA[I’m flexible button is clicked]]>
    </line>
    <line>
      <![CDATA[Search results are displayed]]>
    </line>
    <line>
      <![CDATA[Guests dropdown is clicked]]>
    </line>
    <line>
      <![CDATA[Number of adults selected from filter : 2]]>
    </line>
    <line>
      <![CDATA[Save button is clicked]]>
    </line>
    <line>
      <![CDATA[Filters button is clicked]]>
    </line>
    <line>
      <![CDATA[Employee details page is displayed]]>
    </line>
    <line>
      <![CDATA[Entire place checkbox is selected]]>
    </line>
    <line>
      <![CDATA[Hotel room checkbox is selected]]>
    </line>
    <line>
      <![CDATA[Airbnb switch is already disabled]]>
    </line>
    <line>
      <![CDATA[Final Actual max price is :34708]]>
    </line>
    <line>
      <![CDATA[Final actual min price is 3718]]>
    </line>
    <line>
      <![CDATA[Number of bedrooms set to one]]>
    </line>
    <line>
      <![CDATA[Show listings button is clicked]]>
    </line>
  </reporter-output>
  <suite started-at="2021-09-25T12:27:29 EDT" name="Default suite" finished-at="2021-09-25T12:27:43 EDT" duration-ms="13243">
    <groups>
    </groups>
    <test started-at="2021-09-25T12:27:29 EDT" name="Default test" finished-at="2021-09-25T12:27:43 EDT" duration-ms="13243">
      <class name="testcases.TC_11_AirbnbValidation">
        <test-method is-config="true" signature="setup()[pri:0, instance:testcases.TC_11_AirbnbValidation@1da2cb77]" started-at="2021-09-25T12:27:29 EDT" name="setup" finished-at="2021-09-25T12:27:29 EDT" duration-ms="15" status="PASS">
          <reporter-output>
            <line>
              <![CDATA[Path of the Project is :C:\Users\rehan\git\SeleniumLearning]]>
            </line>
          </reporter-output>
        </test-method> <!-- setup -->
        <test-method is-config="true" signature="openBrowser(java.lang.String)[pri:0, instance:testcases.TC_11_AirbnbValidation@1da2cb77]" started-at="2021-09-25T12:27:29 EDT" name="openBrowser" finished-at="2021-09-25T12:27:31 EDT" duration-ms="1805" status="PASS">
          <params>
            <param index="0">
              <value>
                <![CDATA[Chrome]]>
              </value>
            </param>
          </params>
          <reporter-output>
            <line>
              <![CDATA[Browser Name from the TestNG.xml is :Chrome]]>
            </line>
          </reporter-output>
        </test-method> <!-- openBrowser -->
        <test-method signature="priceRangeFilter()[pri:0, instance:testcases.TC_11_AirbnbValidation@1da2cb77]" started-at="2021-09-25T12:27:31 EDT" name="priceRangeFilter" finished-at="2021-09-25T12:27:43 EDT" duration-ms="11378" status="FAIL">
          <exception class="java.lang.StringIndexOutOfBoundsException">
            <message>
              <![CDATA[begin 1, end 0, length 0]]>
            </message>
            <full-stacktrace>
              <![CDATA[java.lang.StringIndexOutOfBoundsException: begin 1, end 0, length 0
at java.base/java.lang.String.checkBoundsBeginEnd(String.java:3751)
at java.base/java.lang.String.substring(String.java:1907)
at java.base/java.lang.String.substring(String.java:1880)
at testcases.TC_11_AirbnbValidation.priceRangeFilter(TC_11_AirbnbValidation.java:157)
at java.base/jdk.internal.reflect.NativeMethodAccessorImpl.invoke0(Native Method)
at java.base/jdk.internal.reflect.NativeMethodAccessorImpl.invoke(NativeMethodAccessorImpl.java:78)
at java.base/jdk.internal.reflect.DelegatingMethodAccessorImpl.invoke(DelegatingMethodAccessorImpl.java:43)
at java.base/java.lang.reflect.Method.invoke(Method.java:567)
at org.testng.internal.MethodInvocationHelper.invokeMethod(MethodInvocationHelper.java:133)
at org.testng.internal.TestInvoker.invokeMethod(TestInvoker.java:598)
at org.testng.internal.TestInvoker.invokeTestMethod(TestInvoker.java:173)
at org.testng.internal.MethodRunner.runInSequence(MethodRunner.java:46)
at org.testng.internal.TestInvoker$MethodInvocationAgent.invoke(TestInvoker.java:824)
at org.testng.internal.TestInvoker.invokeTestMethods(TestInvoker.java:146)
at org.testng.internal.TestMethodWorker.invokeTestMethods(TestMethodWorker.java:146)
at org.testng.internal.TestMethodWorker.run(TestMethodWorker.java:128)
at java.base/java.util.ArrayList.forEach(ArrayList.java:1511)
at org.testng.TestRunner.privateRun(TestRunner.java:794)
at org.testng.TestRunner.run(TestRunner.java:596)
at org.testng.SuiteRunner.runTest(SuiteRunner.java:377)
at org.testng.SuiteRunner.runSequentially(SuiteRunner.java:371)
at org.testng.SuiteRunner.privateRun(SuiteRunner.java:332)
at org.testng.SuiteRunner.run(SuiteRunner.java:276)
at org.testng.SuiteRunnerWorker.runSuite(SuiteRunnerWorker.java:53)
at org.testng.SuiteRunnerWorker.run(SuiteRunnerWorker.java:96)
at org.testng.TestNG.runSuitesSequentially(TestNG.java:1212)
at org.testng.TestNG.runSuitesLocally(TestNG.java:1134)
at org.testng.TestNG.runSuites(TestNG.java:1063)
at org.testng.TestNG.run(TestNG.java:1031)
at org.testng.remote.AbstractRemoteTestNG.run(AbstractRemoteTestNG.java:115)
at org.testng.remote.RemoteTestNG.initAndRun(RemoteTestNG.java:251)
at org.testng.remote.RemoteTestNG.main(RemoteTestNG.java:77)
]]>
            </full-stacktrace>
          </exception> <!-- java.lang.StringIndexOutOfBoundsException -->
          <reporter-output>
            <line>
              <![CDATA[Airbnb website is loaded]]>
            </line>
            <line>
              <![CDATA[Browser window is maximized]]>
            </line>
            <line>
              <![CDATA[Accept cookies button is clicked]]>
            </line>
            <line>
              <![CDATA[Location is clicked ]]>
            </line>
            <line>
              <![CDATA[I’m flexible button is clicked]]>
            </line>
            <line>
              <![CDATA[Search results are displayed]]>
            </line>
            <line>
              <![CDATA[Guests dropdown is clicked]]>
            </line>
            <line>
              <![CDATA[Number of adults selected from filter : 2]]>
            </line>
            <line>
              <![CDATA[Save button is clicked]]>
            </line>
            <line>
              <![CDATA[Filters button is clicked]]>
            </line>
            <line>
              <![CDATA[Employee details page is displayed]]>
            </line>
            <line>
              <![CDATA[Entire place checkbox is selected]]>
            </line>
            <line>
              <![CDATA[Hotel room checkbox is selected]]>
            </line>
            <line>
              <![CDATA[Airbnb switch is already disabled]]>
            </line>
            <line>
              <![CDATA[Final Actual max price is :34708]]>
            </line>
            <line>
              <![CDATA[Final actual min price is 3718]]>
            </line>
            <line>
              <![CDATA[Number of bedrooms set to one]]>
            </line>
            <line>
              <![CDATA[Show listings button is clicked]]>
            </line>
          </reporter-output>
        </test-method> <!-- priceRangeFilter -->
        <test-method is-config="true" signature="close_browser()[pri:0, instance:testcases.TC_11_AirbnbValidation@1da2cb77]" started-at="2021-09-25T12:27:43 EDT" name="close_browser" finished-at="2021-09-25T12:27:43 EDT" duration-ms="0" status="PASS">
          <reporter-output>
          </reporter-output>
        </test-method> <!-- close_browser -->
      </class> <!-- testcases.TC_11_AirbnbValidation -->
    </test> <!-- Default test -->
  </suite> <!-- Default suite -->
</testng-results>
