<?xml version="1.0" encoding="UTF-8"?>
<testng-results ignored="0" total="1" passed="1" failed="0" skipped="0">
  <reporter-output>
    <line>
      <![CDATA[Path of the Project is :C:\Users\rehan\git\SeleniumLearning]]>
    </line>
    <line>
      <![CDATA[Login button is clicked]]>
    </line>
    <line>
      <![CDATA[Email Id is entered]]>
    </line>
    <line>
      <![CDATA[Entered password]]>
    </line>
    <line>
      <![CDATA[clicked on Login button]]>
    </line>
    <line>
      <![CDATA[Clicked on email name]]>
    </line>
    <line>
      <![CDATA[Orders selcted from the options]]>
    </line>
    <line>
      <![CDATA[Total number of orders placer are:34]]>
    </line>
  </reporter-output>
  <suite started-at="2021-09-16T18:40:35 EDT" name="Default suite" finished-at="2021-09-16T18:40:41 EDT" duration-ms="6812">
    <groups>
    </groups>
    <test started-at="2021-09-16T18:40:35 EDT" name="Default test" finished-at="2021-09-16T18:40:41 EDT" duration-ms="6812">
      <class name="testcases.Tc_09_AllOrdersTotal">
        <test-method is-config="true" signature="setup()[pri:0, instance:testcases.Tc_09_AllOrdersTotal@a530d0a]" started-at="2021-09-16T18:40:35 EDT" name="setup" finished-at="2021-09-16T18:40:35 EDT" duration-ms="685" status="PASS">
          <reporter-output>
            <line>
              <![CDATA[Path of the Project is :C:\Users\rehan\git\SeleniumLearning]]>
            </line>
          </reporter-output>
        </test-method> <!-- setup -->
        <test-method is-config="true" signature="openBrowser()[pri:0, instance:testcases.Tc_09_AllOrdersTotal@a530d0a]" started-at="2021-09-16T18:40:35 EDT" name="openBrowser" finished-at="2021-09-16T18:40:39 EDT" duration-ms="3891" status="PASS">
          <reporter-output>
          </reporter-output>
        </test-method> <!-- openBrowser -->
        <test-method signature="re_Order()[pri:0, instance:testcases.Tc_09_AllOrdersTotal@a530d0a]" started-at="2021-09-16T18:40:39 EDT" name="re_Order" finished-at="2021-09-16T18:40:41 EDT" duration-ms="2196" status="PASS">
          <reporter-output>
            <line>
              <![CDATA[Login button is clicked]]>
            </line>
            <line>
              <![CDATA[Email Id is entered]]>
            </line>
            <line>
              <![CDATA[Entered password]]>
            </line>
            <line>
              <![CDATA[clicked on Login button]]>
            </line>
            <line>
              <![CDATA[Clicked on email name]]>
            </line>
            <line>
              <![CDATA[Orders selcted from the options]]>
            </line>
            <line>
              <![CDATA[Total number of orders placer are:34]]>
            </line>
          </reporter-output>
        </test-method> <!-- re_Order -->
      </class> <!-- testcases.Tc_09_AllOrdersTotal -->
    </test> <!-- Default test -->
  </suite> <!-- Default suite -->
</testng-results>
