<?xml version="1.0" encoding="UTF-8"?>
<testng-results ignored="0" total="2" passed="2" failed="0" skipped="0">
  <reporter-output>
    <line>
      <![CDATA[DemoWebShop Login is successful]]>
    </line>
    <line>
      <![CDATA[Selected the Books Category]]>
    </line>
    <line>
      <![CDATA[Items are added into the Cart]]>
    </line>
    <line>
      <![CDATA[All Shopping Bag actions are performed]]>
    </line>
    <line>
      <![CDATA[All Checkout page actions are performed]]>
    </line>
    <line>
      <![CDATA[Logout is Successful]]>
    </line>
  </reporter-output>
  <suite started-at="2021-10-07T03:22:25Z" name="Suite" finished-at="2021-10-07T03:22:49Z" duration-ms="24498">
    <groups>
    </groups>
    <test started-at="2021-10-07T03:22:25Z" name="DemoWebShop" finished-at="2021-10-07T03:22:49Z" duration-ms="24498">
      <class name="testcases.TC_05_DemoWebShop_Register">
        <test-method is-config="true" signature="setup()[pri:0, instance:testcases.TC_05_DemoWebShop_Register@67d18ed7]" started-at="2021-10-07T03:22:25Z" name="setup" finished-at="2021-10-07T03:22:26Z" duration-ms="1079" status="PASS">
          <reporter-output>
          </reporter-output>
        </test-method> <!-- setup -->
        <test-method is-config="true" signature="openBrowser(java.lang.String)[pri:0, instance:testcases.TC_05_DemoWebShop_Register@67d18ed7]" started-at="2021-10-07T03:22:26Z" name="openBrowser" finished-at="2021-10-07T03:22:33Z" duration-ms="7318" status="PASS">
          <params>
            <param index="0">
              <value>
                <![CDATA[Chrome]]>
              </value>
            </param>
          </params>
          <reporter-output>
          </reporter-output>
        </test-method> <!-- openBrowser -->
        <test-method signature="register()[pri:0, instance:testcases.TC_05_DemoWebShop_Register@67d18ed7]" started-at="2021-10-07T03:22:33Z" name="register" finished-at="2021-10-07T03:22:42Z" duration-ms="9029" status="PASS">
          <reporter-output>
          </reporter-output>
        </test-method> <!-- register -->
        <test-method is-config="true" signature="teardown()[pri:0, instance:testcases.TC_05_DemoWebShop_Register@67d18ed7]" started-at="2021-10-07T03:22:42Z" name="teardown" finished-at="2021-10-07T03:22:43Z" duration-ms="1182" status="PASS">
          <reporter-output>
          </reporter-output>
        </test-method> <!-- teardown -->
      </class> <!-- testcases.TC_05_DemoWebShop_Register -->
      <class name="testcases.TC_07_DemoWebShop_PlaceOrder">
        <test-method is-config="true" signature="setup()[pri:0, instance:testcases.TC_07_DemoWebShop_PlaceOrder@2c78d320]" started-at="2021-10-07T03:22:25Z" name="setup" finished-at="2021-10-07T03:22:26Z" duration-ms="1079" status="PASS">
          <reporter-output>
          </reporter-output>
        </test-method> <!-- setup -->
        <test-method is-config="true" signature="openBrowser(java.lang.String)[pri:0, instance:testcases.TC_07_DemoWebShop_PlaceOrder@2c78d320]" started-at="2021-10-07T03:22:26Z" name="openBrowser" finished-at="2021-10-07T03:22:33Z" duration-ms="7069" status="PASS">
          <params>
            <param index="0">
              <value>
                <![CDATA[Chrome]]>
              </value>
            </param>
          </params>
          <reporter-output>
          </reporter-output>
        </test-method> <!-- openBrowser -->
        <test-method signature="placeOrder_DemoWebshop()[pri:0, instance:testcases.TC_07_DemoWebShop_PlaceOrder@2c78d320]" started-at="2021-10-07T03:22:33Z" name="placeOrder_DemoWebshop" finished-at="2021-10-07T03:22:48Z" duration-ms="15125" status="PASS">
          <reporter-output>
            <line>
              <![CDATA[DemoWebShop Login is successful]]>
            </line>
            <line>
              <![CDATA[Selected the Books Category]]>
            </line>
            <line>
              <![CDATA[Items are added into the Cart]]>
            </line>
            <line>
              <![CDATA[All Shopping Bag actions are performed]]>
            </line>
            <line>
              <![CDATA[All Checkout page actions are performed]]>
            </line>
            <line>
              <![CDATA[Logout is Successful]]>
            </line>
          </reporter-output>
        </test-method> <!-- placeOrder_DemoWebshop -->
        <test-method is-config="true" signature="afterClass()[pri:0, instance:testcases.TC_07_DemoWebShop_PlaceOrder@2c78d320]" started-at="2021-10-07T03:22:48Z" name="afterClass" finished-at="2021-10-07T03:22:49Z" duration-ms="1189" status="PASS">
          <reporter-output>
          </reporter-output>
        </test-method> <!-- afterClass -->
      </class> <!-- testcases.TC_07_DemoWebShop_PlaceOrder -->
    </test> <!-- DemoWebShop -->
  </suite> <!-- Suite -->
</testng-results>
