<?xml version="1.0" encoding="UTF-8"?>
<testng-results ignored="0" total="4" passed="4" failed="0" skipped="0">
  <reporter-output>
    <line>
      <![CDATA[Path of the Project is :C:\Users\rehan\git\SeleniumLearning]]>
    </line>
    <line>
      <![CDATA[Browser Name from the TestNG.xml is :Chrome]]>
    </line>
    <line>
      <![CDATA[Website is loaded]]>
    </line>
    <line>
      <![CDATA[Browser window maximized]]>
    </line>
    <line>
      <![CDATA[Login button is clicked]]>
    </line>
    <line>
      <![CDATA[Email Id is entered]]>
    </line>
    <line>
      <![CDATA[Entered password]]>
    </line>
    <line>
      <![CDATA[clicked on Login button]]>
    </line>
    <line>
      <![CDATA[Successfully logged out of the browser]]>
    </line>
    <line>
      <![CDATA[Browser is closed]]>
    </line>
    <line>
      <![CDATA[Browser Name from the TestNG.xml is :Chrome]]>
    </line>
    <line>
      <![CDATA[Website is loaded]]>
    </line>
    <line>
      <![CDATA[Browser window maximized]]>
    </line>
    <line>
      <![CDATA[Login button is clicked]]>
    </line>
    <line>
      <![CDATA[Email Id is entered]]>
    </line>
    <line>
      <![CDATA[Entered password]]>
    </line>
    <line>
      <![CDATA[clicked on Login button]]>
    </line>
    <line>
      <![CDATA[Successfully logged out of the browser]]>
    </line>
    <line>
      <![CDATA[Browser is closed]]>
    </line>
    <line>
      <![CDATA[Browser Name from the TestNG.xml is :Chrome]]>
    </line>
    <line>
      <![CDATA[Website is loaded]]>
    </line>
    <line>
      <![CDATA[Browser window maximized]]>
    </line>
    <line>
      <![CDATA[Login button is clicked]]>
    </line>
    <line>
      <![CDATA[Email Id is entered]]>
    </line>
    <line>
      <![CDATA[Entered password]]>
    </line>
    <line>
      <![CDATA[clicked on Login button]]>
    </line>
    <line>
      <![CDATA[Successfully logged out of the browser]]>
    </line>
    <line>
      <![CDATA[Browser is closed]]>
    </line>
    <line>
      <![CDATA[Browser Name from the TestNG.xml is :Chrome]]>
    </line>
    <line>
      <![CDATA[Website is loaded]]>
    </line>
    <line>
      <![CDATA[Browser window maximized]]>
    </line>
    <line>
      <![CDATA[Login button is clicked]]>
    </line>
    <line>
      <![CDATA[Email Id is entered]]>
    </line>
    <line>
      <![CDATA[Entered password]]>
    </line>
    <line>
      <![CDATA[clicked on Login button]]>
    </line>
    <line>
      <![CDATA[Successfully logged out of the browser]]>
    </line>
    <line>
      <![CDATA[Browser is closed]]>
    </line>
  </reporter-output>
  <suite started-at="2021-09-24T21:07:57 EDT" name="Default suite" finished-at="2021-09-24T21:08:40 EDT" duration-ms="42949">
    <groups>
    </groups>
    <test started-at="2021-09-24T21:07:57 EDT" name="Default test" finished-at="2021-09-24T21:08:40 EDT" duration-ms="42949">
      <class name="testcases.TC_06_DemoWebShop_Login">
        <test-method is-config="true" signature="setup()[pri:0, instance:testcases.TC_06_DemoWebShop_Login@2f217633]" started-at="2021-09-24T21:07:58 EDT" name="setup" finished-at="2021-09-24T21:07:58 EDT" duration-ms="734" status="PASS">
          <reporter-output>
            <line>
              <![CDATA[Path of the Project is :C:\Users\rehan\git\SeleniumLearning]]>
            </line>
          </reporter-output>
        </test-method> <!-- setup -->
        <test-method is-config="true" signature="openBrowser(java.lang.String)[pri:0, instance:testcases.TC_06_DemoWebShop_Login@2f217633]" started-at="2021-09-24T21:07:58 EDT" name="openBrowser" finished-at="2021-09-24T21:08:02 EDT" duration-ms="4140" status="PASS">
          <params>
            <param index="0">
              <value>
                <![CDATA[Chrome]]>
              </value>
            </param>
          </params>
          <reporter-output>
            <line>
              <![CDATA[Browser Name from the TestNG.xml is :Chrome]]>
            </line>
            <line>
              <![CDATA[Website is loaded]]>
            </line>
            <line>
              <![CDATA[Browser window maximized]]>
            </line>
          </reporter-output>
        </test-method> <!-- openBrowser -->
        <test-method signature="login_DemoWebShop_DataProvider(java.lang.String,java.lang.String)[pri:0, instance:testcases.TC_06_DemoWebShop_Login@2f217633]" started-at="2021-09-24T21:08:02 EDT" name="login_DemoWebShop_DataProvider" data-provider="LoginData1" finished-at="2021-09-24T21:08:10 EDT" duration-ms="7135" status="PASS">
          <params>
            <param index="0">
              <value>
                <![CDATA[GwiDFrKoK@gmail.com]]>
              </value>
            </param>
            <param index="1">
              <value>
                <![CDATA[login@123]]>
              </value>
            </param>
          </params>
          <reporter-output>
            <line>
              <![CDATA[Login button is clicked]]>
            </line>
            <line>
              <![CDATA[Email Id is entered]]>
            </line>
            <line>
              <![CDATA[Entered password]]>
            </line>
            <line>
              <![CDATA[clicked on Login button]]>
            </line>
            <line>
              <![CDATA[Successfully logged out of the browser]]>
            </line>
          </reporter-output>
        </test-method> <!-- login_DemoWebShop_DataProvider -->
        <test-method is-config="true" signature="afterClass()[pri:0, instance:testcases.TC_06_DemoWebShop_Login@2f217633]" started-at="2021-09-24T21:08:10 EDT" name="afterClass" finished-at="2021-09-24T21:08:10 EDT" duration-ms="222" status="PASS">
          <reporter-output>
            <line>
              <![CDATA[Browser is closed]]>
            </line>
          </reporter-output>
        </test-method> <!-- afterClass -->
        <test-method is-config="true" signature="openBrowser(java.lang.String)[pri:0, instance:testcases.TC_06_DemoWebShop_Login@2f217633]" started-at="2021-09-24T21:08:10 EDT" name="openBrowser" finished-at="2021-09-24T21:08:13 EDT" duration-ms="3219" status="PASS">
          <params>
            <param index="0">
              <value>
                <![CDATA[Chrome]]>
              </value>
            </param>
          </params>
          <reporter-output>
            <line>
              <![CDATA[Browser Name from the TestNG.xml is :Chrome]]>
            </line>
            <line>
              <![CDATA[Website is loaded]]>
            </line>
            <line>
              <![CDATA[Browser window maximized]]>
            </line>
          </reporter-output>
        </test-method> <!-- openBrowser -->
        <test-method signature="login_DemoWebShop_DataProvider(java.lang.String,java.lang.String)[pri:0, instance:testcases.TC_06_DemoWebShop_Login@2f217633]" started-at="2021-09-24T21:08:13 EDT" name="login_DemoWebShop_DataProvider" data-provider="LoginData1" finished-at="2021-09-24T21:08:20 EDT" duration-ms="6904" status="PASS">
          <params>
            <param index="0">
              <value>
                <![CDATA[aarosagarch@gmail.com]]>
              </value>
            </param>
            <param index="1">
              <value>
                <![CDATA[Admin@123]]>
              </value>
            </param>
          </params>
          <reporter-output>
            <line>
              <![CDATA[Login button is clicked]]>
            </line>
            <line>
              <![CDATA[Email Id is entered]]>
            </line>
            <line>
              <![CDATA[Entered password]]>
            </line>
            <line>
              <![CDATA[clicked on Login button]]>
            </line>
            <line>
              <![CDATA[Successfully logged out of the browser]]>
            </line>
          </reporter-output>
        </test-method> <!-- login_DemoWebShop_DataProvider -->
        <test-method is-config="true" signature="afterClass()[pri:0, instance:testcases.TC_06_DemoWebShop_Login@2f217633]" started-at="2021-09-24T21:08:20 EDT" name="afterClass" finished-at="2021-09-24T21:08:20 EDT" duration-ms="249" status="PASS">
          <reporter-output>
            <line>
              <![CDATA[Browser is closed]]>
            </line>
          </reporter-output>
        </test-method> <!-- afterClass -->
        <test-method is-config="true" signature="openBrowser(java.lang.String)[pri:0, instance:testcases.TC_06_DemoWebShop_Login@2f217633]" started-at="2021-09-24T21:08:20 EDT" name="openBrowser" finished-at="2021-09-24T21:08:23 EDT" duration-ms="2958" status="PASS">
          <params>
            <param index="0">
              <value>
                <![CDATA[Chrome]]>
              </value>
            </param>
          </params>
          <reporter-output>
            <line>
              <![CDATA[Browser Name from the TestNG.xml is :Chrome]]>
            </line>
            <line>
              <![CDATA[Website is loaded]]>
            </line>
            <line>
              <![CDATA[Browser window maximized]]>
            </line>
          </reporter-output>
        </test-method> <!-- openBrowser -->
        <test-method signature="login_DemoWebShop_DataProvider(java.lang.String,java.lang.String)[pri:0, instance:testcases.TC_06_DemoWebShop_Login@2f217633]" started-at="2021-09-24T21:08:23 EDT" name="login_DemoWebShop_DataProvider" data-provider="LoginData1" finished-at="2021-09-24T21:08:30 EDT" duration-ms="6973" status="PASS">
          <params>
            <param index="0">
              <value>
                <![CDATA[log-in123@gmail.com]]>
              </value>
            </param>
            <param index="1">
              <value>
                <![CDATA[login@123]]>
              </value>
            </param>
          </params>
          <reporter-output>
            <line>
              <![CDATA[Login button is clicked]]>
            </line>
            <line>
              <![CDATA[Email Id is entered]]>
            </line>
            <line>
              <![CDATA[Entered password]]>
            </line>
            <line>
              <![CDATA[clicked on Login button]]>
            </line>
            <line>
              <![CDATA[Successfully logged out of the browser]]>
            </line>
          </reporter-output>
        </test-method> <!-- login_DemoWebShop_DataProvider -->
        <test-method is-config="true" signature="afterClass()[pri:0, instance:testcases.TC_06_DemoWebShop_Login@2f217633]" started-at="2021-09-24T21:08:30 EDT" name="afterClass" finished-at="2021-09-24T21:08:30 EDT" duration-ms="190" status="PASS">
          <reporter-output>
            <line>
              <![CDATA[Browser is closed]]>
            </line>
          </reporter-output>
        </test-method> <!-- afterClass -->
        <test-method is-config="true" signature="openBrowser(java.lang.String)[pri:0, instance:testcases.TC_06_DemoWebShop_Login@2f217633]" started-at="2021-09-24T21:08:30 EDT" name="openBrowser" finished-at="2021-09-24T21:08:33 EDT" duration-ms="3052" status="PASS">
          <params>
            <param index="0">
              <value>
                <![CDATA[Chrome]]>
              </value>
            </param>
          </params>
          <reporter-output>
            <line>
              <![CDATA[Browser Name from the TestNG.xml is :Chrome]]>
            </line>
            <line>
              <![CDATA[Website is loaded]]>
            </line>
            <line>
              <![CDATA[Browser window maximized]]>
            </line>
          </reporter-output>
        </test-method> <!-- openBrowser -->
        <test-method signature="login_DemoWebShop_DataProvider(java.lang.String,java.lang.String)[pri:0, instance:testcases.TC_06_DemoWebShop_Login@2f217633]" started-at="2021-09-24T21:08:33 EDT" name="login_DemoWebShop_DataProvider" data-provider="LoginData1" finished-at="2021-09-24T21:08:40 EDT" duration-ms="6871" status="PASS">
          <params>
            <param index="0">
              <value>
                <![CDATA[RxYEuAdru@gmail.com]]>
              </value>
            </param>
            <param index="1">
              <value>
                <![CDATA[login@123]]>
              </value>
            </param>
          </params>
          <reporter-output>
            <line>
              <![CDATA[Login button is clicked]]>
            </line>
            <line>
              <![CDATA[Email Id is entered]]>
            </line>
            <line>
              <![CDATA[Entered password]]>
            </line>
            <line>
              <![CDATA[clicked on Login button]]>
            </line>
            <line>
              <![CDATA[Successfully logged out of the browser]]>
            </line>
          </reporter-output>
        </test-method> <!-- login_DemoWebShop_DataProvider -->
        <test-method is-config="true" signature="afterClass()[pri:0, instance:testcases.TC_06_DemoWebShop_Login@2f217633]" started-at="2021-09-24T21:08:40 EDT" name="afterClass" finished-at="2021-09-24T21:08:40 EDT" duration-ms="224" status="PASS">
          <reporter-output>
            <line>
              <![CDATA[Browser is closed]]>
            </line>
          </reporter-output>
        </test-method> <!-- afterClass -->
      </class> <!-- testcases.TC_06_DemoWebShop_Login -->
    </test> <!-- Default test -->
  </suite> <!-- Default suite -->
</testng-results>
