<?xml version="1.0" encoding="UTF-8"?>
<testng-results ignored="0" total="1" passed="1" failed="0" skipped="0">
  <reporter-output>
    <line>
      <![CDATA[Path of the Project is :C:\Users\rehan\git\SeleniumLearning]]>
    </line>
    <line>
      <![CDATA[Website loaded]]>
    </line>
    <line>
      <![CDATA[Browser window maximized]]>
    </line>
    <line>
      <![CDATA[Login button is clicked]]>
    </line>
    <line>
      <![CDATA[Email Id is entered]]>
    </line>
    <line>
      <![CDATA[Entered password]]>
    </line>
    <line>
      <![CDATA[clicked on Login button]]>
    </line>
    <line>
      <![CDATA[Clicked on email name]]>
    </line>
    <line>
      <![CDATA[Orders selcted from the options]]>
    </line>
    <line>
      <![CDATA[Order Number: 1015245]]>
    </line>
    <line>
      <![CDATA[Order Number: 1015241]]>
    </line>
    <line>
      <![CDATA[Order Number: 1015229]]>
    </line>
    <line>
      <![CDATA[Order Number: 1015227]]>
    </line>
    <line>
      <![CDATA[Order Number: 1015218]]>
    </line>
    <line>
      <![CDATA[Order Number: 1015215]]>
    </line>
    <line>
      <![CDATA[Order Number: 1015210]]>
    </line>
    <line>
      <![CDATA[Order Number: 997868]]>
    </line>
    <line>
      <![CDATA[Order Number: 997042]]>
    </line>
    <line>
      <![CDATA[Order Number: 997040]]>
    </line>
    <line>
      <![CDATA[Order details button is clicked]]>
    </line>
    <line>
      <![CDATA[Re-Order button is clicked]]>
    </line>
    <line>
      <![CDATA[Terms of service check-box is checked]]>
    </line>
    <line>
      <![CDATA[Checkout button is clicked]]>
    </line>
    <line>
      <![CDATA[Continue button is clicked agter saving billing information]]>
    </line>
    <line>
      <![CDATA[Continue button is clicked]]>
    </line>
    <line>
      <![CDATA[Shipping method radio button is selected]]>
    </line>
    <line>
      <![CDATA[Continue button clicked after selecting shipping method]]>
    </line>
    <line>
      <![CDATA[Continue buton clicked after selecting payment method]]>
    </line>
    <line>
      <![CDATA[Contine button clicked to save payment information]]>
    </line>
    <line>
      <![CDATA[Confirm button is clicked to confirm order]]>
    </line>
    <line>
      <![CDATA[Order number: 1015634]]>
    </line>
  </reporter-output>
  <suite started-at="2021-09-19T22:12:26 EDT" name="Default suite" finished-at="2021-09-19T22:12:43 EDT" duration-ms="16200">
    <groups>
    </groups>
    <test started-at="2021-09-19T22:12:26 EDT" name="Default test" finished-at="2021-09-19T22:12:43 EDT" duration-ms="16200">
      <class name="testcases.TC_08_ReOrder">
        <test-method is-config="true" signature="setup()[pri:0, instance:testcases.TC_08_ReOrder@a530d0a]" started-at="2021-09-19T22:12:26 EDT" name="setup" finished-at="2021-09-19T22:12:27 EDT" duration-ms="799" status="PASS">
          <reporter-output>
            <line>
              <![CDATA[Path of the Project is :C:\Users\rehan\git\SeleniumLearning]]>
            </line>
          </reporter-output>
        </test-method> <!-- setup -->
        <test-method is-config="true" signature="openBrowser()[pri:0, instance:testcases.TC_08_ReOrder@a530d0a]" started-at="2021-09-19T22:12:27 EDT" name="openBrowser" finished-at="2021-09-19T22:12:33 EDT" duration-ms="5969" status="PASS">
          <reporter-output>
            <line>
              <![CDATA[Website loaded]]>
            </line>
            <line>
              <![CDATA[Browser window maximized]]>
            </line>
          </reporter-output>
        </test-method> <!-- openBrowser -->
        <test-method signature="re_Order()[pri:0, instance:testcases.TC_08_ReOrder@a530d0a]" started-at="2021-09-19T22:12:33 EDT" name="re_Order" finished-at="2021-09-19T22:12:43 EDT" duration-ms="9386" status="PASS">
          <reporter-output>
            <line>
              <![CDATA[Login button is clicked]]>
            </line>
            <line>
              <![CDATA[Email Id is entered]]>
            </line>
            <line>
              <![CDATA[Entered password]]>
            </line>
            <line>
              <![CDATA[clicked on Login button]]>
            </line>
            <line>
              <![CDATA[Clicked on email name]]>
            </line>
            <line>
              <![CDATA[Orders selcted from the options]]>
            </line>
            <line>
              <![CDATA[Order Number: 1015245]]>
            </line>
            <line>
              <![CDATA[Order Number: 1015241]]>
            </line>
            <line>
              <![CDATA[Order Number: 1015229]]>
            </line>
            <line>
              <![CDATA[Order Number: 1015227]]>
            </line>
            <line>
              <![CDATA[Order Number: 1015218]]>
            </line>
            <line>
              <![CDATA[Order Number: 1015215]]>
            </line>
            <line>
              <![CDATA[Order Number: 1015210]]>
            </line>
            <line>
              <![CDATA[Order Number: 997868]]>
            </line>
            <line>
              <![CDATA[Order Number: 997042]]>
            </line>
            <line>
              <![CDATA[Order Number: 997040]]>
            </line>
            <line>
              <![CDATA[Order details button is clicked]]>
            </line>
            <line>
              <![CDATA[Re-Order button is clicked]]>
            </line>
            <line>
              <![CDATA[Terms of service check-box is checked]]>
            </line>
            <line>
              <![CDATA[Checkout button is clicked]]>
            </line>
            <line>
              <![CDATA[Continue button is clicked agter saving billing information]]>
            </line>
            <line>
              <![CDATA[Continue button is clicked]]>
            </line>
            <line>
              <![CDATA[Shipping method radio button is selected]]>
            </line>
            <line>
              <![CDATA[Continue button clicked after selecting shipping method]]>
            </line>
            <line>
              <![CDATA[Continue buton clicked after selecting payment method]]>
            </line>
            <line>
              <![CDATA[Contine button clicked to save payment information]]>
            </line>
            <line>
              <![CDATA[Confirm button is clicked to confirm order]]>
            </line>
            <line>
              <![CDATA[Order number: 1015634]]>
            </line>
          </reporter-output>
        </test-method> <!-- re_Order -->
      </class> <!-- testcases.TC_08_ReOrder -->
    </test> <!-- Default test -->
  </suite> <!-- Default suite -->
</testng-results>
