<?xml version="1.0" encoding="UTF-8"?>
<!-- Generated by org.testng.reporters.JUnitReportReporter -->
<testsuite hostname="DESKTOP-807AG9O" failures="0" tests="1" name="testcases.TC_02_ChangePassword" time="40.574" errors="0" timestamp="2021-09-25T08:28:06 IST" skipped="0">
  <testcase classname="testcases.TC_02_ChangePassword" name="change_password" time="40.574"/>
  <system-out>
    <![CDATA[Orange HRM website is loaded
Browser window is maximized
userName is entered in the text-box
password is entered in the text-box
Login button is clicked
Admin menu is clicked
User Management option is clicked
Useres option is clicked
Edit user option is clicked
New password is entered 
Confirm password is entered 
Save button is clicked
Logout dropdown is clicked
Logout is selected from the dropdown
aaliyah.haq is entered as UserName in a text-box
Test@1234 is entered as Password in a text-box
Login button is clicked
Logout dropdown is clicked
Successfully logged out of the website]]>
  </system-out>
</testsuite> <!-- testcases.TC_02_ChangePassword -->
