<?xml version="1.0" encoding="UTF-8"?>
<!-- Generated by org.testng.reporters.JUnitReportReporter -->
<testsuite hostname="LAPTOP-NK2I20DO" failures="0" tests="1" name="testcases.TC_07_DemoWebShop_PlaceOrder" time="16.491" errors="0" timestamp="2021-09-23T16:27:43 EDT" skipped="0">
  <testcase classname="testcases.TC_07_DemoWebShop_PlaceOrder" name="placeOrder_DemoWebshop" time="16.491"/>
  <system-out>
    <![CDATA[Login button is clicked
Email Id is entered
Entered password
clicked on Login button
Selected Books from top menu
first option selected from the dropdown
Category Z to A slected from the dropdown
Added item to the cart
Selected shopping cart
India selected from the country drop down
Other (Non US) selected from the state dropdown
Entered pincode as 500060
Termsofservice Check-box is selected
Checkout button is clicked
Continue button selected for billing
Continue button selected for shipping
Continue button selected for shipping method
Continue button selected for payment method
Continue button selected for payment info
Confirm button selected
Order number: 1019271]]>
  </system-out>
</testsuite> <!-- testcases.TC_07_DemoWebShop_PlaceOrder -->
