<?xml version="1.0" encoding="UTF-8"?>
<!-- Generated by org.testng.reporters.JUnitReportReporter -->
<testsuite hostname="DESKTOP-807AG9O" failures="0" tests="1" name="testcases.Tc_09_AllOrdersTotal" time="7.279" errors="0" timestamp="2021-09-23T07:56:28 IST" skipped="0">
  <testcase classname="testcases.Tc_09_AllOrdersTotal" name="allorders_total" time="7.279"/>
  <system-out>
    <![CDATA[Login button is clicked
Email Id is entered
Entered password
clicked on Login button
Clicked on email name
Orders selcted from the options]]>
  </system-out>
</testsuite> <!-- testcases.Tc_09_AllOrdersTotal -->
