<?xml version="1.0" encoding="UTF-8"?>
<!-- Generated by org.testng.reporters.JUnitReportReporter -->
<testsuite hostname="DESKTOP-807AG9O" failures="0" tests="1" name="testcases.TC_11_AirbnbValidation" time="10.298" errors="1" timestamp="2021-09-25T21:09:22 IST" skipped="0">
  <testcase classname="testcases.TC_11_AirbnbValidation" name="priceRangeFilter" time="10.298">
    <error message="begin 1, end 0, length 0" type="java.lang.StringIndexOutOfBoundsException">
      <![CDATA[java.lang.StringIndexOutOfBoundsException: begin 1, end 0, length 0
at java.base/java.lang.String.checkBoundsBeginEnd(String.java:3751)
at java.base/java.lang.String.substring(String.java:1907)
at java.base/java.lang.String.substring(String.java:1880)
at testcases.TC_11_AirbnbValidation.priceRangeFilter(TC_11_AirbnbValidation.java:156)
at java.base/jdk.internal.reflect.NativeMethodAccessorImpl.invoke0(Native Method)
at java.base/jdk.internal.reflect.NativeMethodAccessorImpl.invoke(NativeMethodAccessorImpl.java:78)
at java.base/jdk.internal.reflect.DelegatingMethodAccessorImpl.invoke(DelegatingMethodAccessorImpl.java:43)
at java.base/java.lang.reflect.Method.invoke(Method.java:567)
at org.testng.internal.MethodInvocationHelper.invokeMethod(MethodInvocationHelper.java:133)
at org.testng.internal.TestInvoker.invokeMethod(TestInvoker.java:598)
at org.testng.internal.TestInvoker.invokeTestMethod(TestInvoker.java:173)
at org.testng.internal.MethodRunner.runInSequence(MethodRunner.java:46)
at org.testng.internal.TestInvoker$MethodInvocationAgent.invoke(TestInvoker.java:824)
at org.testng.internal.TestInvoker.invokeTestMethods(TestInvoker.java:146)
at org.testng.internal.TestMethodWorker.invokeTestMethods(TestMethodWorker.java:146)
at org.testng.internal.TestMethodWorker.run(TestMethodWorker.java:128)
at java.base/java.util.ArrayList.forEach(ArrayList.java:1511)
at org.testng.TestRunner.privateRun(TestRunner.java:794)
at org.testng.TestRunner.run(TestRunner.java:596)
at org.testng.SuiteRunner.runTest(SuiteRunner.java:377)
at org.testng.SuiteRunner.runSequentially(SuiteRunner.java:371)
at org.testng.SuiteRunner.privateRun(SuiteRunner.java:332)
at org.testng.SuiteRunner.run(SuiteRunner.java:276)
at org.testng.SuiteRunnerWorker.runSuite(SuiteRunnerWorker.java:53)
at org.testng.SuiteRunnerWorker.run(SuiteRunnerWorker.java:96)
at org.testng.TestNG.runSuitesSequentially(TestNG.java:1212)
at org.testng.TestNG.runSuitesLocally(TestNG.java:1134)
at org.testng.TestNG.runSuites(TestNG.java:1063)
at org.testng.TestNG.run(TestNG.java:1031)
at org.testng.remote.AbstractRemoteTestNG.run(AbstractRemoteTestNG.java:115)
at org.testng.remote.RemoteTestNG.initAndRun(RemoteTestNG.java:251)
at org.testng.remote.RemoteTestNG.main(RemoteTestNG.java:77)
]]>
    </error>
  </testcase> <!-- priceRangeFilter -->
  <system-out>
    <![CDATA[Airbnb website is loaded
Browser window is maximized
Accepted the cookies
Location is clicked 
I’m flexible button is clicked
Search results are displayed
Guests dropdown is clicked
No of adults selected from filter : 2
Saved selection
Filters button is clicked
Entire place checkbox is selected
Hotel room checkbox is selected
Airbnb switch is already disabled
Final Actual max price is :34708
Final actual min price is 3718
Number of bedrooms set to one
Show listings button is clicked]]>
  </system-out>
</testsuite> <!-- testcases.TC_11_AirbnbValidation -->
